This file contains any messages produced by compilers while
running configure, to aid debugging if configure makes a mistake.

It was created by sqlite configure 3.11.1, which was
generated by GNU Autoconf 2.69.  Invocation command line was

  $ ./configure 

## --------- ##
## Platform. ##
## --------- ##

hostname = kristian
uname -m = x86_64
uname -r = 3.16.0-67-generic
uname -s = Linux
uname -v = #87~14.04.1-Ubuntu SMP Fri Mar 11 00:26:02 UTC 2016

/usr/bin/uname -p = unknown
/bin/uname -X     = unknown

/bin/arch              = unknown
/usr/bin/arch -k       = unknown
/usr/convex/getsysinfo = unknown
/usr/bin/hostinfo      = unknown
/bin/machine           = unknown
/usr/bin/oslevel       = unknown
/bin/universe          = unknown

PATH: /usr/local/sbin
PATH: /usr/local/bin
PATH: /usr/sbin
PATH: /usr/bin
PATH: /sbin
PATH: /bin
PATH: /usr/games
PATH: /usr/local/games


## ----------- ##
## Core tests. ##
## ----------- ##

configure:2233: checking for a BSD-compatible install
configure:2301: result: /usr/bin/install -c
configure:2312: checking whether build environment is sane
configure:2367: result: yes
configure:2518: checking for a thread-safe mkdir -p
configure:2557: result: /bin/mkdir -p
configure:2564: checking for gawk
configure:2580: found /usr/bin/gawk
configure:2591: result: gawk
configure:2602: checking whether make sets $(MAKE)
configure:2624: result: yes
configure:2653: checking whether make supports nested variables
configure:2670: result: yes
configure:2808: checking for style of include used by make
configure:2836: result: GNU
configure:2907: checking for gcc
configure:2923: found /usr/bin/gcc
configure:2934: result: gcc
configure:3163: checking for C compiler version
configure:3172: gcc --version >&5
gcc (Ubuntu 4.8.4-2ubuntu1~14.04.1) 4.8.4
Copyright (C) 2013 Free Software Foundation, Inc.
This is free software; see the source for copying conditions.  There is NO
warranty; not even for MERCHANTABILITY or FITNESS FOR A PARTICULAR PURPOSE.

configure:3183: $? = 0
configure:3172: gcc -v >&5
Using built-in specs.
COLLECT_GCC=gcc
COLLECT_LTO_WRAPPER=/usr/lib/gcc/x86_64-linux-gnu/4.8/lto-wrapper
Target: x86_64-linux-gnu
Configured with: ../src/configure -v --with-pkgversion='Ubuntu 4.8.4-2ubuntu1~14.04.1' --with-bugurl=file:///usr/share/doc/gcc-4.8/README.Bugs --enable-languages=c,c++,java,go,d,fortran,objc,obj-c++ --prefix=/usr --program-suffix=-4.8 --enable-shared --enable-linker-build-id --libexecdir=/usr/lib --without-included-gettext --enable-threads=posix --with-gxx-include-dir=/usr/include/c++/4.8 --libdir=/usr/lib --enable-nls --with-sysroot=/ --enable-clocale=gnu --enable-libstdcxx-debug --enable-libstdcxx-time=yes --enable-gnu-unique-object --disable-libmudflap --enable-plugin --with-system-zlib --disable-browser-plugin --enable-java-awt=gtk --enable-gtk-cairo --with-java-home=/usr/lib/jvm/java-1.5.0-gcj-4.8-amd64/jre --enable-java-home --with-jvm-root-dir=/usr/lib/jvm/java-1.5.0-gcj-4.8-amd64 --with-jvm-jar-dir=/usr/lib/jvm-exports/java-1.5.0-gcj-4.8-amd64 --with-arch-directory=amd64 --with-ecj-jar=/usr/share/java/eclipse-ecj.jar --enable-objc-gc --enable-multiarch --disable-werror --with-arch-32=i686 --with-abi=m64 --with-multilib-list=m32,m64,mx32 --with-tune=generic --enable-checking=release --build=x86_64-linux-gnu --host=x86_64-linux-gnu --target=x86_64-linux-gnu
Thread model: posix
gcc version 4.8.4 (Ubuntu 4.8.4-2ubuntu1~14.04.1) 
configure:3183: $? = 0
configure:3172: gcc -V >&5
gcc: error: unrecognized command line option '-V'
gcc: fatal error: no input files
compilation terminated.
configure:3183: $? = 4
configure:3172: gcc -qversion >&5
gcc: error: unrecognized command line option '-qversion'
gcc: fatal error: no input files
compilation terminated.
configure:3183: $? = 4
configure:3203: checking whether the C compiler works
configure:3225: gcc    conftest.c  >&5
configure:3229: $? = 0
configure:3277: result: yes
configure:3280: checking for C compiler default output file name
configure:3282: result: a.out
configure:3288: checking for suffix of executables
configure:3295: gcc -o conftest    conftest.c  >&5
configure:3299: $? = 0
configure:3321: result: 
configure:3343: checking whether we are cross compiling
configure:3351: gcc -o conftest    conftest.c  >&5
configure:3355: $? = 0
configure:3362: ./conftest
configure:3366: $? = 0
configure:3381: result: no
configure:3386: checking for suffix of object files
configure:3408: gcc -c   conftest.c >&5
configure:3412: $? = 0
configure:3433: result: o
configure:3437: checking whether we are using the GNU C compiler
configure:3456: gcc -c   conftest.c >&5
configure:3456: $? = 0
configure:3465: result: yes
configure:3474: checking whether gcc accepts -g
configure:3494: gcc -c -g  conftest.c >&5
configure:3494: $? = 0
configure:3535: result: yes
configure:3552: checking for gcc option to accept ISO C89
configure:3615: gcc  -c -g -O2  conftest.c >&5
configure:3615: $? = 0
configure:3628: result: none needed
configure:3653: checking whether gcc understands -c and -o together
configure:3675: gcc -c conftest.c -o conftest2.o
configure:3678: $? = 0
configure:3675: gcc -c conftest.c -o conftest2.o
configure:3678: $? = 0
configure:3690: result: yes
configure:3709: checking dependency style of gcc
configure:3820: result: gcc3
configure:3843: checking for special C compiler options needed for large files
configure:3888: result: no
configure:3894: checking for _FILE_OFFSET_BITS value needed for large files
configure:3919: gcc -c -g -O2  conftest.c >&5
configure:3919: $? = 0
configure:3951: result: no
configure:4086: checking for gcc
configure:4113: result: gcc
configure:4342: checking for C compiler version
configure:4351: gcc --version >&5
gcc (Ubuntu 4.8.4-2ubuntu1~14.04.1) 4.8.4
Copyright (C) 2013 Free Software Foundation, Inc.
This is free software; see the source for copying conditions.  There is NO
warranty; not even for MERCHANTABILITY or FITNESS FOR A PARTICULAR PURPOSE.

configure:4362: $? = 0
configure:4351: gcc -v >&5
Using built-in specs.
COLLECT_GCC=gcc
COLLECT_LTO_WRAPPER=/usr/lib/gcc/x86_64-linux-gnu/4.8/lto-wrapper
Target: x86_64-linux-gnu
Configured with: ../src/configure -v --with-pkgversion='Ubuntu 4.8.4-2ubuntu1~14.04.1' --with-bugurl=file:///usr/share/doc/gcc-4.8/README.Bugs --enable-languages=c,c++,java,go,d,fortran,objc,obj-c++ --prefix=/usr --program-suffix=-4.8 --enable-shared --enable-linker-build-id --libexecdir=/usr/lib --without-included-gettext --enable-threads=posix --with-gxx-include-dir=/usr/include/c++/4.8 --libdir=/usr/lib --enable-nls --with-sysroot=/ --enable-clocale=gnu --enable-libstdcxx-debug --enable-libstdcxx-time=yes --enable-gnu-unique-object --disable-libmudflap --enable-plugin --with-system-zlib --disable-browser-plugin --enable-java-awt=gtk --enable-gtk-cairo --with-java-home=/usr/lib/jvm/java-1.5.0-gcj-4.8-amd64/jre --enable-java-home --with-jvm-root-dir=/usr/lib/jvm/java-1.5.0-gcj-4.8-amd64 --with-jvm-jar-dir=/usr/lib/jvm-exports/java-1.5.0-gcj-4.8-amd64 --with-arch-directory=amd64 --with-ecj-jar=/usr/share/java/eclipse-ecj.jar --enable-objc-gc --enable-multiarch --disable-werror --with-arch-32=i686 --with-abi=m64 --with-multilib-list=m32,m64,mx32 --with-tune=generic --enable-checking=release --build=x86_64-linux-gnu --host=x86_64-linux-gnu --target=x86_64-linux-gnu
Thread model: posix
gcc version 4.8.4 (Ubuntu 4.8.4-2ubuntu1~14.04.1) 
configure:4362: $? = 0
configure:4351: gcc -V >&5
gcc: error: unrecognized command line option '-V'
gcc: fatal error: no input files
compilation terminated.
configure:4362: $? = 4
configure:4351: gcc -qversion >&5
gcc: error: unrecognized command line option '-qversion'
gcc: fatal error: no input files
compilation terminated.
configure:4362: $? = 4
configure:4366: checking whether we are using the GNU C compiler
configure:4394: result: yes
configure:4403: checking whether gcc accepts -g
configure:4464: result: yes
configure:4481: checking for gcc option to accept ISO C89
configure:4557: result: none needed
configure:4582: checking whether gcc understands -c and -o together
configure:4619: result: yes
configure:4638: checking dependency style of gcc
configure:4749: result: gcc3
configure:4793: checking build system type
configure:4807: result: x86_64-unknown-linux-gnu
configure:4827: checking host system type
configure:4840: result: x86_64-unknown-linux-gnu
configure:4881: checking how to print strings
configure:4908: result: printf
configure:4929: checking for a sed that does not truncate output
configure:4993: result: /bin/sed
configure:5011: checking for grep that handles long lines and -e
configure:5069: result: /bin/grep
configure:5074: checking for egrep
configure:5136: result: /bin/grep -E
configure:5141: checking for fgrep
configure:5203: result: /bin/grep -F
configure:5238: checking for ld used by gcc
configure:5305: result: /usr/bin/ld
configure:5312: checking if the linker (/usr/bin/ld) is GNU ld
configure:5327: result: yes
configure:5339: checking for BSD- or MS-compatible name lister (nm)
configure:5388: result: /usr/bin/nm -B
configure:5518: checking the name lister (/usr/bin/nm -B) interface
configure:5525: gcc -c -g -O2  conftest.c >&5
configure:5528: /usr/bin/nm -B "conftest.o"
configure:5531: output
0000000000000000 B some_variable
configure:5538: result: BSD nm
configure:5541: checking whether ln -s works
configure:5545: result: yes
configure:5553: checking the maximum length of command line arguments
configure:5684: result: 1572864
configure:5701: checking whether the shell understands some XSI constructs
configure:5711: result: yes
configure:5715: checking whether the shell understands "+="
configure:5721: result: yes
configure:5756: checking how to convert x86_64-unknown-linux-gnu file names to x86_64-unknown-linux-gnu format
configure:5796: result: func_convert_file_noop
configure:5803: checking how to convert x86_64-unknown-linux-gnu file names to toolchain format
configure:5823: result: func_convert_file_noop
configure:5830: checking for /usr/bin/ld option to reload object files
configure:5837: result: -r
configure:5911: checking for objdump
configure:5927: found /usr/bin/objdump
configure:5938: result: objdump
configure:5970: checking how to recognize dependent libraries
configure:6168: result: pass_all
configure:6253: checking for dlltool
configure:6283: result: no
configure:6313: checking how to associate runtime and link libraries
configure:6340: result: printf %s\n
configure:6400: checking for ar
configure:6416: found /usr/bin/ar
configure:6427: result: ar
configure:6464: checking for archiver @FILE support
configure:6481: gcc -c -g -O2  conftest.c >&5
configure:6481: $? = 0
configure:6484: ar cru libconftest.a @conftest.lst >&5
configure:6487: $? = 0
configure:6492: ar cru libconftest.a @conftest.lst >&5
ar: conftest.o: No such file or directory
configure:6495: $? = 1
configure:6507: result: @
configure:6565: checking for strip
configure:6581: found /usr/bin/strip
configure:6592: result: strip
configure:6664: checking for ranlib
configure:6680: found /usr/bin/ranlib
configure:6691: result: ranlib
configure:6793: checking command to parse /usr/bin/nm -B output from gcc object
configure:6913: gcc -c -g -O2  conftest.c >&5
configure:6916: $? = 0
configure:6920: /usr/bin/nm -B conftest.o \| sed -n -e 's/^.*[ ]\([ABCDGIRSTW][ABCDGIRSTW]*\)[ ][ ]*\([_A-Za-z][_A-Za-z0-9]*\)$/\1 \2 \2/p' | sed '/ __gnu_lto/d' \> conftest.nm
configure:6923: $? = 0
configure:6989: gcc -o conftest -g -O2   conftest.c conftstm.o >&5
configure:6992: $? = 0
configure:7030: result: ok
configure:7067: checking for sysroot
configure:7097: result: no
configure:7174: gcc -c -g -O2  conftest.c >&5
configure:7177: $? = 0
configure:7366: checking for mt
configure:7382: found /bin/mt
configure:7393: result: mt
configure:7416: checking if mt is a manifest tool
configure:7422: mt '-?'
configure:7430: result: no
configure:8072: checking how to run the C preprocessor
configure:8103: gcc -E  conftest.c
configure:8103: $? = 0
configure:8117: gcc -E  conftest.c
conftest.c:11:28: fatal error: ac_nonexistent.h: No such file or directory
 #include <ac_nonexistent.h>
                            ^
compilation terminated.
configure:8117: $? = 1
configure: failed program was:
| /* confdefs.h */
| #define PACKAGE_NAME "sqlite"
| #define PACKAGE_TARNAME "sqlite"
| #define PACKAGE_VERSION "3.11.1"
| #define PACKAGE_STRING "sqlite 3.11.1"
| #define PACKAGE_BUGREPORT "http://www.sqlite.org"
| #define PACKAGE_URL ""
| #define PACKAGE "sqlite"
| #define VERSION "3.11.1"
| /* end confdefs.h.  */
| #include <ac_nonexistent.h>
configure:8142: result: gcc -E
configure:8162: gcc -E  conftest.c
configure:8162: $? = 0
configure:8176: gcc -E  conftest.c
conftest.c:11:28: fatal error: ac_nonexistent.h: No such file or directory
 #include <ac_nonexistent.h>
                            ^
compilation terminated.
configure:8176: $? = 1
configure: failed program was:
| /* confdefs.h */
| #define PACKAGE_NAME "sqlite"
| #define PACKAGE_TARNAME "sqlite"
| #define PACKAGE_VERSION "3.11.1"
| #define PACKAGE_STRING "sqlite 3.11.1"
| #define PACKAGE_BUGREPORT "http://www.sqlite.org"
| #define PACKAGE_URL ""
| #define PACKAGE "sqlite"
| #define VERSION "3.11.1"
| /* end confdefs.h.  */
| #include <ac_nonexistent.h>
configure:8205: checking for ANSI C header files
configure:8225: gcc -c -g -O2  conftest.c >&5
configure:8225: $? = 0
configure:8298: gcc -o conftest -g -O2   conftest.c  >&5
configure:8298: $? = 0
configure:8298: ./conftest
configure:8298: $? = 0
configure:8309: result: yes
configure:8322: checking for sys/types.h
configure:8322: gcc -c -g -O2  conftest.c >&5
configure:8322: $? = 0
configure:8322: result: yes
configure:8322: checking for sys/stat.h
configure:8322: gcc -c -g -O2  conftest.c >&5
configure:8322: $? = 0
configure:8322: result: yes
configure:8322: checking for stdlib.h
configure:8322: gcc -c -g -O2  conftest.c >&5
configure:8322: $? = 0
configure:8322: result: yes
configure:8322: checking for string.h
configure:8322: gcc -c -g -O2  conftest.c >&5
configure:8322: $? = 0
configure:8322: result: yes
configure:8322: checking for memory.h
configure:8322: gcc -c -g -O2  conftest.c >&5
configure:8322: $? = 0
configure:8322: result: yes
configure:8322: checking for strings.h
configure:8322: gcc -c -g -O2  conftest.c >&5
configure:8322: $? = 0
configure:8322: result: yes
configure:8322: checking for inttypes.h
configure:8322: gcc -c -g -O2  conftest.c >&5
configure:8322: $? = 0
configure:8322: result: yes
configure:8322: checking for stdint.h
configure:8322: gcc -c -g -O2  conftest.c >&5
configure:8322: $? = 0
configure:8322: result: yes
configure:8322: checking for unistd.h
configure:8322: gcc -c -g -O2  conftest.c >&5
configure:8322: $? = 0
configure:8322: result: yes
configure:8336: checking for dlfcn.h
configure:8336: gcc -c -g -O2  conftest.c >&5
configure:8336: $? = 0
configure:8336: result: yes
configure:8542: checking for objdir
configure:8557: result: .libs
configure:8824: checking if gcc supports -fno-rtti -fno-exceptions
configure:8842: gcc -c -g -O2  -fno-rtti -fno-exceptions conftest.c >&5
cc1: warning: command line option '-fno-rtti' is valid for C++/ObjC++ but not for C [enabled by default]
configure:8846: $? = 0
configure:8859: result: no
configure:9186: checking for gcc option to produce PIC
configure:9193: result: -fPIC -DPIC
configure:9201: checking if gcc PIC flag -fPIC -DPIC works
configure:9219: gcc -c -g -O2  -fPIC -DPIC -DPIC conftest.c >&5
configure:9223: $? = 0
configure:9236: result: yes
configure:9265: checking if gcc static flag -static works
configure:9293: result: yes
configure:9308: checking if gcc supports -c -o file.o
configure:9329: gcc -c -g -O2  -o out/conftest2.o conftest.c >&5
configure:9333: $? = 0
configure:9355: result: yes
configure:9363: checking if gcc supports -c -o file.o
configure:9410: result: yes
configure:9443: checking whether the gcc linker (/usr/bin/ld -m elf_x86_64) supports shared libraries
configure:10600: result: yes
configure:10637: checking whether -lc should be explicitly linked in
configure:10645: gcc -c -g -O2  conftest.c >&5
configure:10648: $? = 0
configure:10663: gcc -shared  -fPIC -DPIC conftest.o  -v -Wl,-soname -Wl,conftest -o conftest 2\>\&1 \| /bin/grep  -lc  \>/dev/null 2\>\&1
configure:10666: $? = 0
configure:10680: result: no
configure:10840: checking dynamic linker characteristics
configure:11340: gcc -o conftest -g -O2   -Wl,-rpath -Wl,/foo conftest.c  >&5
configure:11340: $? = 0
configure:11574: result: GNU/Linux ld.so
configure:11681: checking how to hardcode library paths into programs
configure:11706: result: immediate
configure:12246: checking whether stripping libraries is possible
configure:12251: result: yes
configure:12286: checking if libtool supports shared libraries
configure:12288: result: yes
configure:12291: checking whether to build shared libraries
configure:12312: result: yes
configure:12315: checking whether to build static libraries
configure:12319: result: yes
configure:12362: checking for fdatasync
configure:12362: gcc -o conftest -g -O2   conftest.c  >&5
configure:12362: $? = 0
configure:12362: result: yes
configure:12362: checking for usleep
configure:12362: gcc -o conftest -g -O2   conftest.c  >&5
configure:12362: $? = 0
configure:12362: result: yes
configure:12362: checking for fullfsync
configure:12362: gcc -o conftest -g -O2   conftest.c  >&5
/tmp/cchUSK3z.o: In function `main':
/home/kristian/SecureSender/server/lib/sqlite-autoconf-3110100/conftest.c:59: undefined reference to `fullfsync'
collect2: error: ld returned 1 exit status
configure:12362: $? = 1
configure: failed program was:
| /* confdefs.h */
| #define PACKAGE_NAME "sqlite"
| #define PACKAGE_TARNAME "sqlite"
| #define PACKAGE_VERSION "3.11.1"
| #define PACKAGE_STRING "sqlite 3.11.1"
| #define PACKAGE_BUGREPORT "http://www.sqlite.org"
| #define PACKAGE_URL ""
| #define PACKAGE "sqlite"
| #define VERSION "3.11.1"
| #define STDC_HEADERS 1
| #define HAVE_SYS_TYPES_H 1
| #define HAVE_SYS_STAT_H 1
| #define HAVE_STDLIB_H 1
| #define HAVE_STRING_H 1
| #define HAVE_MEMORY_H 1
| #define HAVE_STRINGS_H 1
| #define HAVE_INTTYPES_H 1
| #define HAVE_STDINT_H 1
| #define HAVE_UNISTD_H 1
| #define HAVE_DLFCN_H 1
| #define LT_OBJDIR ".libs/"
| #define HAVE_FDATASYNC 1
| #define HAVE_USLEEP 1
| /* end confdefs.h.  */
| /* Define fullfsync to an innocuous variant, in case <limits.h> declares fullfsync.
|    For example, HP-UX 11i <limits.h> declares gettimeofday.  */
| #define fullfsync innocuous_fullfsync
| 
| /* System header to define __stub macros and hopefully few prototypes,
|     which can conflict with char fullfsync (); below.
|     Prefer <limits.h> to <assert.h> if __STDC__ is defined, since
|     <limits.h> exists even on freestanding compilers.  */
| 
| #ifdef __STDC__
| # include <limits.h>
| #else
| # include <assert.h>
| #endif
| 
| #undef fullfsync
| 
| /* Override any GCC internal prototype to avoid an error.
|    Use char because int might match the return type of a GCC
|    builtin and then its argument prototype would still apply.  */
| #ifdef __cplusplus
| extern "C"
| #endif
| char fullfsync ();
| /* The GNU C library defines this for functions which it implements
|     to always fail with ENOSYS.  Some functions are actually named
|     something starting with __ and the normal name is an alias.  */
| #if defined __stub_fullfsync || defined __stub___fullfsync
| choke me
| #endif
| 
| int
| main ()
| {
| return fullfsync ();
|   ;
|   return 0;
| }
configure:12362: result: no
configure:12362: checking for localtime_r
configure:12362: gcc -o conftest -g -O2   conftest.c  >&5
configure:12362: $? = 0
configure:12362: result: yes
configure:12362: checking for gmtime_r
configure:12362: gcc -o conftest -g -O2   conftest.c  >&5
configure:12362: $? = 0
configure:12362: result: yes
configure:12371: checking whether strerror_r is declared
configure:12371: gcc -c -g -O2  conftest.c >&5
configure:12371: $? = 0
configure:12371: result: yes
configure:12384: checking for strerror_r
configure:12384: gcc -o conftest -g -O2   conftest.c  >&5
configure:12384: $? = 0
configure:12384: result: yes
configure:12393: checking whether strerror_r returns char *
configure:12417: gcc -c -g -O2  conftest.c >&5
conftest.c: In function 'main':
conftest.c:67:13: error: invalid type argument of unary '*' (have 'int')
    char x = *strerror_r (0, buf, sizeof buf);
             ^
conftest.c:68:14: warning: initialization makes pointer from integer without a cast [enabled by default]
    char *p = strerror_r (0, buf, sizeof buf);
              ^
configure:12417: $? = 1
configure: failed program was:
| /* confdefs.h */
| #define PACKAGE_NAME "sqlite"
| #define PACKAGE_TARNAME "sqlite"
| #define PACKAGE_VERSION "3.11.1"
| #define PACKAGE_STRING "sqlite 3.11.1"
| #define PACKAGE_BUGREPORT "http://www.sqlite.org"
| #define PACKAGE_URL ""
| #define PACKAGE "sqlite"
| #define VERSION "3.11.1"
| #define STDC_HEADERS 1
| #define HAVE_SYS_TYPES_H 1
| #define HAVE_SYS_STAT_H 1
| #define HAVE_STDLIB_H 1
| #define HAVE_STRING_H 1
| #define HAVE_MEMORY_H 1
| #define HAVE_STRINGS_H 1
| #define HAVE_INTTYPES_H 1
| #define HAVE_STDINT_H 1
| #define HAVE_UNISTD_H 1
| #define HAVE_DLFCN_H 1
| #define LT_OBJDIR ".libs/"
| #define HAVE_FDATASYNC 1
| #define HAVE_USLEEP 1
| #define HAVE_LOCALTIME_R 1
| #define HAVE_GMTIME_R 1
| #define HAVE_DECL_STRERROR_R 1
| #define HAVE_STRERROR_R 1
| /* end confdefs.h.  */
| #include <stdio.h>
| #ifdef HAVE_SYS_TYPES_H
| # include <sys/types.h>
| #endif
| #ifdef HAVE_SYS_STAT_H
| # include <sys/stat.h>
| #endif
| #ifdef STDC_HEADERS
| # include <stdlib.h>
| # include <stddef.h>
| #else
| # ifdef HAVE_STDLIB_H
| #  include <stdlib.h>
| # endif
| #endif
| #ifdef HAVE_STRING_H
| # if !defined STDC_HEADERS && defined HAVE_MEMORY_H
| #  include <memory.h>
| # endif
| # include <string.h>
| #endif
| #ifdef HAVE_STRINGS_H
| # include <strings.h>
| #endif
| #ifdef HAVE_INTTYPES_H
| # include <inttypes.h>
| #endif
| #ifdef HAVE_STDINT_H
| # include <stdint.h>
| #endif
| #ifdef HAVE_UNISTD_H
| # include <unistd.h>
| #endif
| int
| main ()
| {
| 
| 	  char buf[100];
| 	  char x = *strerror_r (0, buf, sizeof buf);
| 	  char *p = strerror_r (0, buf, sizeof buf);
| 	  return !p || x;
| 
|   ;
|   return 0;
| }
configure:12455: result: no
configure:12489: checking for library containing readline
configure:12520: gcc -o conftest -g -O2   conftest.c  >&5
/tmp/ccSq0drO.o: In function `main':
/home/kristian/SecureSender/server/lib/sqlite-autoconf-3110100/conftest.c:40: undefined reference to `readline'
collect2: error: ld returned 1 exit status
configure:12520: $? = 1
configure: failed program was:
| /* confdefs.h */
| #define PACKAGE_NAME "sqlite"
| #define PACKAGE_TARNAME "sqlite"
| #define PACKAGE_VERSION "3.11.1"
| #define PACKAGE_STRING "sqlite 3.11.1"
| #define PACKAGE_BUGREPORT "http://www.sqlite.org"
| #define PACKAGE_URL ""
| #define PACKAGE "sqlite"
| #define VERSION "3.11.1"
| #define STDC_HEADERS 1
| #define HAVE_SYS_TYPES_H 1
| #define HAVE_SYS_STAT_H 1
| #define HAVE_STDLIB_H 1
| #define HAVE_STRING_H 1
| #define HAVE_MEMORY_H 1
| #define HAVE_STRINGS_H 1
| #define HAVE_INTTYPES_H 1
| #define HAVE_STDINT_H 1
| #define HAVE_UNISTD_H 1
| #define HAVE_DLFCN_H 1
| #define LT_OBJDIR ".libs/"
| #define HAVE_FDATASYNC 1
| #define HAVE_USLEEP 1
| #define HAVE_LOCALTIME_R 1
| #define HAVE_GMTIME_R 1
| #define HAVE_DECL_STRERROR_R 1
| #define HAVE_STRERROR_R 1
| /* end confdefs.h.  */
| 
| /* Override any GCC internal prototype to avoid an error.
|    Use char because int might match the return type of a GCC
|    builtin and then its argument prototype would still apply.  */
| #ifdef __cplusplus
| extern "C"
| #endif
| char readline ();
| int
| main ()
| {
| return readline ();
|   ;
|   return 0;
| }
configure:12520: gcc -o conftest -g -O2   conftest.c -ledit   >&5
/usr/bin/ld: cannot find -ledit
collect2: error: ld returned 1 exit status
configure:12520: $? = 1
configure: failed program was:
| /* confdefs.h */
| #define PACKAGE_NAME "sqlite"
| #define PACKAGE_TARNAME "sqlite"
| #define PACKAGE_VERSION "3.11.1"
| #define PACKAGE_STRING "sqlite 3.11.1"
| #define PACKAGE_BUGREPORT "http://www.sqlite.org"
| #define PACKAGE_URL ""
| #define PACKAGE "sqlite"
| #define VERSION "3.11.1"
| #define STDC_HEADERS 1
| #define HAVE_SYS_TYPES_H 1
| #define HAVE_SYS_STAT_H 1
| #define HAVE_STDLIB_H 1
| #define HAVE_STRING_H 1
| #define HAVE_MEMORY_H 1
| #define HAVE_STRINGS_H 1
| #define HAVE_INTTYPES_H 1
| #define HAVE_STDINT_H 1
| #define HAVE_UNISTD_H 1
| #define HAVE_DLFCN_H 1
| #define LT_OBJDIR ".libs/"
| #define HAVE_FDATASYNC 1
| #define HAVE_USLEEP 1
| #define HAVE_LOCALTIME_R 1
| #define HAVE_GMTIME_R 1
| #define HAVE_DECL_STRERROR_R 1
| #define HAVE_STRERROR_R 1
| /* end confdefs.h.  */
| 
| /* Override any GCC internal prototype to avoid an error.
|    Use char because int might match the return type of a GCC
|    builtin and then its argument prototype would still apply.  */
| #ifdef __cplusplus
| extern "C"
| #endif
| char readline ();
| int
| main ()
| {
| return readline ();
|   ;
|   return 0;
| }
configure:12537: result: no
configure:12704: checking for library containing pthread_create
configure:12735: gcc -o conftest -g -O2   conftest.c  >&5
/tmp/ccQCho7S.o: In function `main':
/home/kristian/SecureSender/server/lib/sqlite-autoconf-3110100/conftest.c:40: undefined reference to `pthread_create'
collect2: error: ld returned 1 exit status
configure:12735: $? = 1
configure: failed program was:
| /* confdefs.h */
| #define PACKAGE_NAME "sqlite"
| #define PACKAGE_TARNAME "sqlite"
| #define PACKAGE_VERSION "3.11.1"
| #define PACKAGE_STRING "sqlite 3.11.1"
| #define PACKAGE_BUGREPORT "http://www.sqlite.org"
| #define PACKAGE_URL ""
| #define PACKAGE "sqlite"
| #define VERSION "3.11.1"
| #define STDC_HEADERS 1
| #define HAVE_SYS_TYPES_H 1
| #define HAVE_SYS_STAT_H 1
| #define HAVE_STDLIB_H 1
| #define HAVE_STRING_H 1
| #define HAVE_MEMORY_H 1
| #define HAVE_STRINGS_H 1
| #define HAVE_INTTYPES_H 1
| #define HAVE_STDINT_H 1
| #define HAVE_UNISTD_H 1
| #define HAVE_DLFCN_H 1
| #define LT_OBJDIR ".libs/"
| #define HAVE_FDATASYNC 1
| #define HAVE_USLEEP 1
| #define HAVE_LOCALTIME_R 1
| #define HAVE_GMTIME_R 1
| #define HAVE_DECL_STRERROR_R 1
| #define HAVE_STRERROR_R 1
| /* end confdefs.h.  */
| 
| /* Override any GCC internal prototype to avoid an error.
|    Use char because int might match the return type of a GCC
|    builtin and then its argument prototype would still apply.  */
| #ifdef __cplusplus
| extern "C"
| #endif
| char pthread_create ();
| int
| main ()
| {
| return pthread_create ();
|   ;
|   return 0;
| }
configure:12735: gcc -o conftest -g -O2   conftest.c -lpthread   >&5
configure:12735: $? = 0
configure:12752: result: -lpthread
configure:12760: checking for library containing pthread_mutexattr_init
configure:12791: gcc -o conftest -g -O2   conftest.c -lpthread  >&5
configure:12791: $? = 0
configure:12808: result: none required
configure:12831: checking for library containing dlopen
configure:12862: gcc -o conftest -g -O2   conftest.c -lpthread  >&5
/tmp/ccWYQwU8.o: In function `main':
/home/kristian/SecureSender/server/lib/sqlite-autoconf-3110100/conftest.c:40: undefined reference to `dlopen'
collect2: error: ld returned 1 exit status
configure:12862: $? = 1
configure: failed program was:
| /* confdefs.h */
| #define PACKAGE_NAME "sqlite"
| #define PACKAGE_TARNAME "sqlite"
| #define PACKAGE_VERSION "3.11.1"
| #define PACKAGE_STRING "sqlite 3.11.1"
| #define PACKAGE_BUGREPORT "http://www.sqlite.org"
| #define PACKAGE_URL ""
| #define PACKAGE "sqlite"
| #define VERSION "3.11.1"
| #define STDC_HEADERS 1
| #define HAVE_SYS_TYPES_H 1
| #define HAVE_SYS_STAT_H 1
| #define HAVE_STDLIB_H 1
| #define HAVE_STRING_H 1
| #define HAVE_MEMORY_H 1
| #define HAVE_STRINGS_H 1
| #define HAVE_INTTYPES_H 1
| #define HAVE_STDINT_H 1
| #define HAVE_UNISTD_H 1
| #define HAVE_DLFCN_H 1
| #define LT_OBJDIR ".libs/"
| #define HAVE_FDATASYNC 1
| #define HAVE_USLEEP 1
| #define HAVE_LOCALTIME_R 1
| #define HAVE_GMTIME_R 1
| #define HAVE_DECL_STRERROR_R 1
| #define HAVE_STRERROR_R 1
| /* end confdefs.h.  */
| 
| /* Override any GCC internal prototype to avoid an error.
|    Use char because int might match the return type of a GCC
|    builtin and then its argument prototype would still apply.  */
| #ifdef __cplusplus
| extern "C"
| #endif
| char dlopen ();
| int
| main ()
| {
| return dlopen ();
|   ;
|   return 0;
| }
configure:12862: gcc -o conftest -g -O2   conftest.c -ldl  -lpthread  >&5
configure:12862: $? = 0
configure:12879: result: -ldl
configure:12890: checking for whether to support dynamic extensions
configure:12892: result: yes
configure:13005: checking for posix_fallocate
configure:13005: gcc -o conftest -g -O2   conftest.c -ldl -lpthread  >&5
configure:13005: $? = 0
configure:13005: result: yes
configure:13185: checking that generated files are newer than configure
configure:13191: result: done
configure:13218: creating ./config.status

## ---------------------- ##
## Running config.status. ##
## ---------------------- ##

This file was extended by sqlite config.status 3.11.1, which was
generated by GNU Autoconf 2.69.  Invocation command line was

  CONFIG_FILES    = 
  CONFIG_HEADERS  = 
  CONFIG_LINKS    = 
  CONFIG_COMMANDS = 
  $ ./config.status 

on kristian

config.status:1012: creating Makefile
config.status:1012: creating sqlite3.pc
config.status:1184: executing depfiles commands
config.status:1184: executing libtool commands

## ---------------- ##
## Cache variables. ##
## ---------------- ##

ac_cv_build=x86_64-unknown-linux-gnu
ac_cv_c_compiler_gnu=yes
ac_cv_env_CC_set=
ac_cv_env_CC_value=
ac_cv_env_CFLAGS_set=
ac_cv_env_CFLAGS_value=
ac_cv_env_CPPFLAGS_set=
ac_cv_env_CPPFLAGS_value=
ac_cv_env_CPP_set=
ac_cv_env_CPP_value=
ac_cv_env_LDFLAGS_set=
ac_cv_env_LDFLAGS_value=
ac_cv_env_LIBS_set=
ac_cv_env_LIBS_value=
ac_cv_env_build_alias_set=
ac_cv_env_build_alias_value=
ac_cv_env_host_alias_set=
ac_cv_env_host_alias_value=
ac_cv_env_target_alias_set=
ac_cv_env_target_alias_value=
ac_cv_func_fdatasync=yes
ac_cv_func_fullfsync=no
ac_cv_func_gmtime_r=yes
ac_cv_func_localtime_r=yes
ac_cv_func_posix_fallocate=yes
ac_cv_func_strerror_r=yes
ac_cv_func_strerror_r_char_p=no
ac_cv_func_usleep=yes
ac_cv_have_decl_strerror_r=yes
ac_cv_header_dlfcn_h=yes
ac_cv_header_inttypes_h=yes
ac_cv_header_memory_h=yes
ac_cv_header_stdc=yes
ac_cv_header_stdint_h=yes
ac_cv_header_stdlib_h=yes
ac_cv_header_string_h=yes
ac_cv_header_strings_h=yes
ac_cv_header_sys_stat_h=yes
ac_cv_header_sys_types_h=yes
ac_cv_header_unistd_h=yes
ac_cv_host=x86_64-unknown-linux-gnu
ac_cv_objext=o
ac_cv_path_EGREP='/bin/grep -E'
ac_cv_path_FGREP='/bin/grep -F'
ac_cv_path_GREP=/bin/grep
ac_cv_path_SED=/bin/sed
ac_cv_path_install='/usr/bin/install -c'
ac_cv_path_mkdir=/bin/mkdir
ac_cv_prog_AWK=gawk
ac_cv_prog_CPP='gcc -E'
ac_cv_prog_ac_ct_AR=ar
ac_cv_prog_ac_ct_CC=gcc
ac_cv_prog_ac_ct_MANIFEST_TOOL=mt
ac_cv_prog_ac_ct_OBJDUMP=objdump
ac_cv_prog_ac_ct_RANLIB=ranlib
ac_cv_prog_ac_ct_STRIP=strip
ac_cv_prog_cc_c89=
ac_cv_prog_cc_g=yes
ac_cv_prog_make_make_set=yes
ac_cv_search_dlopen=-ldl
ac_cv_search_pthread_create=-lpthread
ac_cv_search_pthread_mutexattr_init='none required'
ac_cv_sys_file_offset_bits=no
ac_cv_sys_largefile_CC=no
am_cv_CC_dependencies_compiler_type=gcc3
am_cv_make_support_nested_variables=yes
am_cv_prog_cc_c_o=yes
lt_cv_ar_at_file=@
lt_cv_archive_cmds_need_lc=no
lt_cv_deplibs_check_method=pass_all
lt_cv_file_magic_cmd='$MAGIC_CMD'
lt_cv_file_magic_test_file=
lt_cv_ld_reload_flag=-r
lt_cv_nm_interface='BSD nm'
lt_cv_objdir=.libs
lt_cv_path_LD=/usr/bin/ld
lt_cv_path_NM='/usr/bin/nm -B'
lt_cv_path_mainfest_tool=no
lt_cv_prog_compiler_c_o=yes
lt_cv_prog_compiler_pic='-fPIC -DPIC'
lt_cv_prog_compiler_pic_works=yes
lt_cv_prog_compiler_rtti_exceptions=no
lt_cv_prog_compiler_static_works=yes
lt_cv_prog_gnu_ld=yes
lt_cv_sharedlib_from_linklib_cmd='printf %s\n'
lt_cv_shlibpath_overrides_runpath=no
lt_cv_sys_global_symbol_pipe='sed -n -e '\''s/^.*[	 ]\([ABCDGIRSTW][ABCDGIRSTW]*\)[	 ][	 ]*\([_A-Za-z][_A-Za-z0-9]*\)$/\1 \2 \2/p'\'' | sed '\''/ __gnu_lto/d'\'''
lt_cv_sys_global_symbol_to_c_name_address='sed -n -e '\''s/^: \([^ ]*\)[ ]*$/  {\"\1\", (void *) 0},/p'\'' -e '\''s/^[ABCDGIRSTW]* \([^ ]*\) \([^ ]*\)$/  {"\2", (void *) \&\2},/p'\'''
lt_cv_sys_global_symbol_to_c_name_address_lib_prefix='sed -n -e '\''s/^: \([^ ]*\)[ ]*$/  {\"\1\", (void *) 0},/p'\'' -e '\''s/^[ABCDGIRSTW]* \([^ ]*\) \(lib[^ ]*\)$/  {"\2", (void *) \&\2},/p'\'' -e '\''s/^[ABCDGIRSTW]* \([^ ]*\) \([^ ]*\)$/  {"lib\2", (void *) \&\2},/p'\'''
lt_cv_sys_global_symbol_to_cdecl='sed -n -e '\''s/^T .* \(.*\)$/extern int \1();/p'\'' -e '\''s/^[ABCDGIRSTW]* .* \(.*\)$/extern char \1;/p'\'''
lt_cv_sys_max_cmd_len=1572864
lt_cv_to_host_file_cmd=func_convert_file_noop
lt_cv_to_tool_file_cmd=func_convert_file_noop

## ----------------- ##
## Output variables. ##
## ----------------- ##

ACLOCAL='${SHELL} /home/kristian/SecureSender/server/lib/sqlite-autoconf-3110100/missing aclocal-1.14'
AMDEPBACKSLASH='\'
AMDEP_FALSE='#'
AMDEP_TRUE=''
AMTAR='$${TAR-tar}'
AM_BACKSLASH='\'
AM_DEFAULT_V='$(AM_DEFAULT_VERBOSITY)'
AM_DEFAULT_VERBOSITY='1'
AM_V='$(V)'
AR='ar'
AUTOCONF='${SHELL} /home/kristian/SecureSender/server/lib/sqlite-autoconf-3110100/missing autoconf'
AUTOHEADER='${SHELL} /home/kristian/SecureSender/server/lib/sqlite-autoconf-3110100/missing autoheader'
AUTOMAKE='${SHELL} /home/kristian/SecureSender/server/lib/sqlite-autoconf-3110100/missing automake-1.14'
AWK='gawk'
BUILD_CFLAGS=''
CC='gcc'
CCDEPMODE='depmode=gcc3'
CFLAGS='-g -O2'
CPP='gcc -E'
CPPFLAGS=''
CYGPATH_W='echo'
DEFS='-DPACKAGE_NAME=\"sqlite\" -DPACKAGE_TARNAME=\"sqlite\" -DPACKAGE_VERSION=\"3.11.1\" -DPACKAGE_STRING=\"sqlite\ 3.11.1\" -DPACKAGE_BUGREPORT=\"http://www.sqlite.org\" -DPACKAGE_URL=\"\" -DPACKAGE=\"sqlite\" -DVERSION=\"3.11.1\" -DSTDC_HEADERS=1 -DHAVE_SYS_TYPES_H=1 -DHAVE_SYS_STAT_H=1 -DHAVE_STDLIB_H=1 -DHAVE_STRING_H=1 -DHAVE_MEMORY_H=1 -DHAVE_STRINGS_H=1 -DHAVE_INTTYPES_H=1 -DHAVE_STDINT_H=1 -DHAVE_UNISTD_H=1 -DHAVE_DLFCN_H=1 -DLT_OBJDIR=\".libs/\" -DHAVE_FDATASYNC=1 -DHAVE_USLEEP=1 -DHAVE_LOCALTIME_R=1 -DHAVE_GMTIME_R=1 -DHAVE_DECL_STRERROR_R=1 -DHAVE_STRERROR_R=1 -DHAVE_POSIX_FALLOCATE=1'
DEPDIR='.deps'
DLLTOOL='false'
DSYMUTIL=''
DUMPBIN=''
DYNAMIC_EXTENSION_FLAGS=''
ECHO_C=''
ECHO_N='-n'
ECHO_T=''
EGREP='/bin/grep -E'
EXEEXT=''
EXTRA_SHELL_OBJ='sqlite3.o'
FGREP='/bin/grep -F'
FTS5_FLAGS=''
GREP='/bin/grep'
INSTALL_DATA='${INSTALL} -m 644'
INSTALL_PROGRAM='${INSTALL}'
INSTALL_SCRIPT='${INSTALL}'
INSTALL_STRIP_PROGRAM='$(install_sh) -c -s'
JSON1_FLAGS=''
LD='/usr/bin/ld -m elf_x86_64'
LDFLAGS=''
LIBOBJS=''
LIBS='-ldl -lpthread '
LIBTOOL='$(SHELL) $(top_builddir)/libtool'
LIPO=''
LN_S='ln -s'
LTLIBOBJS=''
MAKEINFO='${SHELL} /home/kristian/SecureSender/server/lib/sqlite-autoconf-3110100/missing makeinfo'
MANIFEST_TOOL=':'
MKDIR_P='/bin/mkdir -p'
NM='/usr/bin/nm -B'
NMEDIT=''
OBJDUMP='objdump'
OBJEXT='o'
OTOOL64=''
OTOOL=''
PACKAGE='sqlite'
PACKAGE_BUGREPORT='http://www.sqlite.org'
PACKAGE_NAME='sqlite'
PACKAGE_STRING='sqlite 3.11.1'
PACKAGE_TARNAME='sqlite'
PACKAGE_URL=''
PACKAGE_VERSION='3.11.1'
PATH_SEPARATOR=':'
RANLIB='ranlib'
READLINE_LIBS=''
SED='/bin/sed'
SET_MAKE=''
SHELL='/bin/bash'
STRIP='strip'
THREADSAFE_FLAGS='-D_REENTRANT=1 -DSQLITE_THREADSAFE=1'
VERSION='3.11.1'
ac_ct_AR='ar'
ac_ct_CC='gcc'
ac_ct_DUMPBIN=''
am__EXEEXT_FALSE=''
am__EXEEXT_TRUE='#'
am__fastdepCC_FALSE='#'
am__fastdepCC_TRUE=''
am__include='include'
am__isrc=''
am__leading_dot='.'
am__nodep='_no'
am__quote=''
am__tar='$${TAR-tar} chof - "$$tardir"'
am__untar='$${TAR-tar} xf -'
bindir='${exec_prefix}/bin'
build='x86_64-unknown-linux-gnu'
build_alias=''
build_cpu='x86_64'
build_os='linux-gnu'
build_vendor='unknown'
datadir='${datarootdir}'
datarootdir='${prefix}/share'
docdir='${datarootdir}/doc/${PACKAGE_TARNAME}'
dvidir='${docdir}'
exec_prefix='${prefix}'
host='x86_64-unknown-linux-gnu'
host_alias=''
host_cpu='x86_64'
host_os='linux-gnu'
host_vendor='unknown'
htmldir='${docdir}'
includedir='${prefix}/include'
infodir='${datarootdir}/info'
install_sh='${SHELL} /home/kristian/SecureSender/server/lib/sqlite-autoconf-3110100/install-sh'
libdir='${exec_prefix}/lib'
libexecdir='${exec_prefix}/libexec'
localedir='${datarootdir}/locale'
localstatedir='${prefix}/var'
mandir='${datarootdir}/man'
mkdir_p='$(MKDIR_P)'
oldincludedir='/usr/include'
pdfdir='${docdir}'
prefix='/usr/local'
program_transform_name='s,x,x,'
psdir='${docdir}'
sbindir='${exec_prefix}/sbin'
sharedstatedir='${prefix}/com'
sysconfdir='${prefix}/etc'
target_alias=''

## ----------- ##
## confdefs.h. ##
## ----------- ##

/* confdefs.h */
#define PACKAGE_NAME "sqlite"
#define PACKAGE_TARNAME "sqlite"
#define PACKAGE_VERSION "3.11.1"
#define PACKAGE_STRING "sqlite 3.11.1"
#define PACKAGE_BUGREPORT "http://www.sqlite.org"
#define PACKAGE_URL ""
#define PACKAGE "sqlite"
#define VERSION "3.11.1"
#define STDC_HEADERS 1
#define HAVE_SYS_TYPES_H 1
#define HAVE_SYS_STAT_H 1
#define HAVE_STDLIB_H 1
#define HAVE_STRING_H 1
#define HAVE_MEMORY_H 1
#define HAVE_STRINGS_H 1
#define HAVE_INTTYPES_H 1
#define HAVE_STDINT_H 1
#define HAVE_UNISTD_H 1
#define HAVE_DLFCN_H 1
#define LT_OBJDIR ".libs/"
#define HAVE_FDATASYNC 1
#define HAVE_USLEEP 1
#define HAVE_LOCALTIME_R 1
#define HAVE_GMTIME_R 1
#define HAVE_DECL_STRERROR_R 1
#define HAVE_STRERROR_R 1
#define HAVE_POSIX_FALLOCATE 1

configure: exit 0
